Start testing: Oct 04 22:36 EDT
----------------------------------------------------------
1/15 Testing: HeapPageTest.EmptyPage
1/15 Test: HeapPageTest.EmptyPage
Command: "/Users/jinpeng/Desktop/CS660_PA1/build/tests/pa1/pa1" "--gtest_filter=HeapPageTest.EmptyPage" "--gtest_also_run_disabled_tests"
Directory: /Users/jinpeng/Desktop/CS660_PA1/build/tests/pa1
"HeapPageTest.EmptyPage" start time: Oct 04 22:36 EDT
Output:
----------------------------------------------------------
Running main() from /Users/jinpeng/Desktop/CS660_PA1/build/_deps/googletest-src/googletest/src/gtest_main.cc
Note: Google Test filter = HeapPageTest.EmptyPage
[==========] Running 1 test from 1 test suite.
[----------] Global test environment set-up.
[----------] 1 test from HeapPageTest
[ RUN      ] HeapPageTest.EmptyPage
[       OK ] HeapPageTest.EmptyPage (0 ms)
[----------] 1 test from HeapPageTest (0 ms total)

[----------] Global test environment tear-down
[==========] 1 test from 1 test suite ran. (0 ms total)
[  PASSED  ] 1 test.
<end of output>
Test time =   0.10 sec
----------------------------------------------------------
Test Passed.
"HeapPageTest.EmptyPage" end time: Oct 04 22:36 EDT
"HeapPageTest.EmptyPage" time elapsed: 00:00:00
----------------------------------------------------------

2/15 Testing: HeapPageTest.FullHeader
2/15 Test: HeapPageTest.FullHeader
Command: "/Users/jinpeng/Desktop/CS660_PA1/build/tests/pa1/pa1" "--gtest_filter=HeapPageTest.FullHeader" "--gtest_also_run_disabled_tests"
Directory: /Users/jinpeng/Desktop/CS660_PA1/build/tests/pa1
"HeapPageTest.FullHeader" start time: Oct 04 22:36 EDT
Output:
----------------------------------------------------------
Running main() from /Users/jinpeng/Desktop/CS660_PA1/build/_deps/googletest-src/googletest/src/gtest_main.cc
Note: Google Test filter = HeapPageTest.FullHeader
[==========] Running 1 test from 1 test suite.
[----------] Global test environment set-up.
[----------] 1 test from HeapPageTest
[ RUN      ] HeapPageTest.FullHeader
[       OK ] HeapPageTest.FullHeader (0 ms)
[----------] 1 test from HeapPageTest (0 ms total)

[----------] Global test environment tear-down
[==========] 1 test from 1 test suite ran. (0 ms total)
[  PASSED  ] 1 test.
<end of output>
Test time =   0.08 sec
----------------------------------------------------------
Test Passed.
"HeapPageTest.FullHeader" end time: Oct 04 22:36 EDT
"HeapPageTest.FullHeader" time elapsed: 00:00:00
----------------------------------------------------------

3/15 Testing: HeapPageTest.CountTuples
3/15 Test: HeapPageTest.CountTuples
Command: "/Users/jinpeng/Desktop/CS660_PA1/build/tests/pa1/pa1" "--gtest_filter=HeapPageTest.CountTuples" "--gtest_also_run_disabled_tests"
Directory: /Users/jinpeng/Desktop/CS660_PA1/build/tests/pa1
"HeapPageTest.CountTuples" start time: Oct 04 22:36 EDT
Output:
----------------------------------------------------------
Running main() from /Users/jinpeng/Desktop/CS660_PA1/build/_deps/googletest-src/googletest/src/gtest_main.cc
Note: Google Test filter = HeapPageTest.CountTuples
[==========] Running 1 test from 1 test suite.
[----------] Global test environment set-up.
[----------] 1 test from HeapPageTest
[ RUN      ] HeapPageTest.CountTuples
[       OK ] HeapPageTest.CountTuples (0 ms)
[----------] 1 test from HeapPageTest (0 ms total)

[----------] Global test environment tear-down
[==========] 1 test from 1 test suite ran. (0 ms total)
[  PASSED  ] 1 test.
<end of output>
Test time =   0.07 sec
----------------------------------------------------------
Test Passed.
"HeapPageTest.CountTuples" end time: Oct 04 22:36 EDT
"HeapPageTest.CountTuples" time elapsed: 00:00:00
----------------------------------------------------------

4/15 Testing: HeapPageTest.InsertTuple
4/15 Test: HeapPageTest.InsertTuple
Command: "/Users/jinpeng/Desktop/CS660_PA1/build/tests/pa1/pa1" "--gtest_filter=HeapPageTest.InsertTuple" "--gtest_also_run_disabled_tests"
Directory: /Users/jinpeng/Desktop/CS660_PA1/build/tests/pa1
"HeapPageTest.InsertTuple" start time: Oct 04 22:36 EDT
Output:
----------------------------------------------------------
Running main() from /Users/jinpeng/Desktop/CS660_PA1/build/_deps/googletest-src/googletest/src/gtest_main.cc
Note: Google Test filter = HeapPageTest.InsertTuple
[==========] Running 1 test from 1 test suite.
[----------] Global test environment set-up.
[----------] 1 test from HeapPageTest
[ RUN      ] HeapPageTest.InsertTuple
[       OK ] HeapPageTest.InsertTuple (0 ms)
[----------] 1 test from HeapPageTest (0 ms total)

[----------] Global test environment tear-down
[==========] 1 test from 1 test suite ran. (0 ms total)
[  PASSED  ] 1 test.
<end of output>
Test time =   0.08 sec
----------------------------------------------------------
Test Passed.
"HeapPageTest.InsertTuple" end time: Oct 04 22:36 EDT
"HeapPageTest.InsertTuple" time elapsed: 00:00:00
----------------------------------------------------------

5/15 Testing: HeapPageTest.DeleteTuple
5/15 Test: HeapPageTest.DeleteTuple
Command: "/Users/jinpeng/Desktop/CS660_PA1/build/tests/pa1/pa1" "--gtest_filter=HeapPageTest.DeleteTuple" "--gtest_also_run_disabled_tests"
Directory: /Users/jinpeng/Desktop/CS660_PA1/build/tests/pa1
"HeapPageTest.DeleteTuple" start time: Oct 04 22:36 EDT
Output:
----------------------------------------------------------
Running main() from /Users/jinpeng/Desktop/CS660_PA1/build/_deps/googletest-src/googletest/src/gtest_main.cc
Note: Google Test filter = HeapPageTest.DeleteTuple
[==========] Running 1 test from 1 test suite.
[----------] Global test environment set-up.
[----------] 1 test from HeapPageTest
[ RUN      ] HeapPageTest.DeleteTuple
[       OK ] HeapPageTest.DeleteTuple (0 ms)
[----------] 1 test from HeapPageTest (0 ms total)

[----------] Global test environment tear-down
[==========] 1 test from 1 test suite ran. (0 ms total)
[  PASSED  ] 1 test.
<end of output>
Test time =   0.07 sec
----------------------------------------------------------
Test Passed.
"HeapPageTest.DeleteTuple" end time: Oct 04 22:36 EDT
"HeapPageTest.DeleteTuple" time elapsed: 00:00:00
----------------------------------------------------------

6/15 Testing: HeapPageTest.GetTuple
6/15 Test: HeapPageTest.GetTuple
Command: "/Users/jinpeng/Desktop/CS660_PA1/build/tests/pa1/pa1" "--gtest_filter=HeapPageTest.GetTuple" "--gtest_also_run_disabled_tests"
Directory: /Users/jinpeng/Desktop/CS660_PA1/build/tests/pa1
"HeapPageTest.GetTuple" start time: Oct 04 22:36 EDT
Output:
----------------------------------------------------------
Running main() from /Users/jinpeng/Desktop/CS660_PA1/build/_deps/googletest-src/googletest/src/gtest_main.cc
Note: Google Test filter = HeapPageTest.GetTuple
[==========] Running 1 test from 1 test suite.
[----------] Global test environment set-up.
[----------] 1 test from HeapPageTest
[ RUN      ] HeapPageTest.GetTuple
/Users/jinpeng/Desktop/CS660_PA1/tests/pa1/heap_test.cpp:126: Failure
Expected equality of these values:
  std::get<int>(t1.get_field(0))
    Which is: 0
  660
/Users/jinpeng/Desktop/CS660_PA1/tests/pa1/heap_test.cpp:127: Failure
Expected equality of these values:
  std::get<std::string>(t1.get_field(1))
    Which is: ""
  "Hello CS660!"
/Users/jinpeng/Desktop/CS660_PA1/tests/pa1/heap_test.cpp:130: Failure
Expected equality of these values:
  std::get<int>(t2.get_field(0))
    Which is: 33
  65535 + 1
    Which is: 65536
[  FAILED  ] HeapPageTest.GetTuple (1 ms)
[----------] 1 test from HeapPageTest (1 ms total)

[----------] Global test environment tear-down
[==========] 1 test from 1 test suite ran. (1 ms total)
[  PASSED  ] 0 tests.
[  FAILED  ] 1 test, listed below:
[  FAILED  ] HeapPageTest.GetTuple

 1 FAILED TEST
<end of output>
Test time =   0.09 sec
----------------------------------------------------------
Test Failed.
"HeapPageTest.GetTuple" end time: Oct 04 22:36 EDT
"HeapPageTest.GetTuple" time elapsed: 00:00:00
----------------------------------------------------------

7/15 Testing: HeapFileTest.InsertTuple
7/15 Test: HeapFileTest.InsertTuple
Command: "/Users/jinpeng/Desktop/CS660_PA1/build/tests/pa1/pa1" "--gtest_filter=HeapFileTest.InsertTuple" "--gtest_also_run_disabled_tests"
Directory: /Users/jinpeng/Desktop/CS660_PA1/build/tests/pa1
"HeapFileTest.InsertTuple" start time: Oct 04 22:36 EDT
Output:
----------------------------------------------------------
Running main() from /Users/jinpeng/Desktop/CS660_PA1/build/_deps/googletest-src/googletest/src/gtest_main.cc
Note: Google Test filter = HeapFileTest.InsertTuple
[==========] Running 1 test from 1 test suite.
[----------] Global test environment set-up.
[----------] 1 test from HeapFileTest
[ RUN      ] HeapFileTest.InsertTuple
unknown file: Failure
C++ exception with description "Page id 0 out of range." thrown in the test body.
[  FAILED  ] HeapFileTest.InsertTuple (2 ms)
[----------] 1 test from HeapFileTest (2 ms total)

[----------] Global test environment tear-down
[==========] 1 test from 1 test suite ran. (3 ms total)
[  PASSED  ] 0 tests.
[  FAILED  ] 1 test, listed below:
[  FAILED  ] HeapFileTest.InsertTuple

 1 FAILED TEST
<end of output>
Test time =   0.10 sec
----------------------------------------------------------
Test Failed.
"HeapFileTest.InsertTuple" end time: Oct 04 22:36 EDT
"HeapFileTest.InsertTuple" time elapsed: 00:00:00
----------------------------------------------------------

8/15 Testing: HeapFileTest.EmptyPage
8/15 Test: HeapFileTest.EmptyPage
Command: "/Users/jinpeng/Desktop/CS660_PA1/build/tests/pa1/pa1" "--gtest_filter=HeapFileTest.EmptyPage" "--gtest_also_run_disabled_tests"
Directory: /Users/jinpeng/Desktop/CS660_PA1/build/tests/pa1
"HeapFileTest.EmptyPage" start time: Oct 04 22:36 EDT
Output:
----------------------------------------------------------
Running main() from /Users/jinpeng/Desktop/CS660_PA1/build/_deps/googletest-src/googletest/src/gtest_main.cc
Note: Google Test filter = HeapFileTest.EmptyPage
[==========] Running 1 test from 1 test suite.
[----------] Global test environment set-up.
[----------] 1 test from HeapFileTest
[ RUN      ] HeapFileTest.EmptyPage
unknown file: Failure
C++ exception with description "Page id 0 out of range." thrown in the test body.
[  FAILED  ] HeapFileTest.EmptyPage (1 ms)
[----------] 1 test from HeapFileTest (1 ms total)

[----------] Global test environment tear-down
[==========] 1 test from 1 test suite ran. (1 ms total)
[  PASSED  ] 0 tests.
[  FAILED  ] 1 test, listed below:
[  FAILED  ] HeapFileTest.EmptyPage

 1 FAILED TEST
<end of output>
Test time =   0.09 sec
----------------------------------------------------------
Test Failed.
"HeapFileTest.EmptyPage" end time: Oct 04 22:36 EDT
"HeapFileTest.EmptyPage" time elapsed: 00:00:00
----------------------------------------------------------

9/15 Testing: TupleTest.Constructor
9/15 Test: TupleTest.Constructor
Command: "/Users/jinpeng/Desktop/CS660_PA1/build/tests/pa1/pa1" "--gtest_filter=TupleTest.Constructor" "--gtest_also_run_disabled_tests"
Directory: /Users/jinpeng/Desktop/CS660_PA1/build/tests/pa1
"TupleTest.Constructor" start time: Oct 04 22:36 EDT
Output:
----------------------------------------------------------
Running main() from /Users/jinpeng/Desktop/CS660_PA1/build/_deps/googletest-src/googletest/src/gtest_main.cc
Note: Google Test filter = TupleTest.Constructor
[==========] Running 1 test from 1 test suite.
[----------] Global test environment set-up.
[----------] 1 test from TupleTest
[ RUN      ] TupleTest.Constructor
[       OK ] TupleTest.Constructor (0 ms)
[----------] 1 test from TupleTest (0 ms total)

[----------] Global test environment tear-down
[==========] 1 test from 1 test suite ran. (1 ms total)
[  PASSED  ] 1 test.
<end of output>
Test time =   0.08 sec
----------------------------------------------------------
Test Passed.
"TupleTest.Constructor" end time: Oct 04 22:36 EDT
"TupleTest.Constructor" time elapsed: 00:00:00
----------------------------------------------------------

10/15 Testing: TupleTest.OffsetOf
10/15 Test: TupleTest.OffsetOf
Command: "/Users/jinpeng/Desktop/CS660_PA1/build/tests/pa1/pa1" "--gtest_filter=TupleTest.OffsetOf" "--gtest_also_run_disabled_tests"
Directory: /Users/jinpeng/Desktop/CS660_PA1/build/tests/pa1
"TupleTest.OffsetOf" start time: Oct 04 22:36 EDT
Output:
----------------------------------------------------------
Running main() from /Users/jinpeng/Desktop/CS660_PA1/build/_deps/googletest-src/googletest/src/gtest_main.cc
Note: Google Test filter = TupleTest.OffsetOf
[==========] Running 1 test from 1 test suite.
[----------] Global test environment set-up.
[----------] 1 test from TupleTest
[ RUN      ] TupleTest.OffsetOf
[       OK ] TupleTest.OffsetOf (0 ms)
[----------] 1 test from TupleTest (0 ms total)

[----------] Global test environment tear-down
[==========] 1 test from 1 test suite ran. (1 ms total)
[  PASSED  ] 1 test.
<end of output>
Test time =   0.07 sec
----------------------------------------------------------
Test Passed.
"TupleTest.OffsetOf" end time: Oct 04 22:36 EDT
"TupleTest.OffsetOf" time elapsed: 00:00:00
----------------------------------------------------------

11/15 Testing: TupleTest.IndexOf
11/15 Test: TupleTest.IndexOf
Command: "/Users/jinpeng/Desktop/CS660_PA1/build/tests/pa1/pa1" "--gtest_filter=TupleTest.IndexOf" "--gtest_also_run_disabled_tests"
Directory: /Users/jinpeng/Desktop/CS660_PA1/build/tests/pa1
"TupleTest.IndexOf" start time: Oct 04 22:36 EDT
Output:
----------------------------------------------------------
Running main() from /Users/jinpeng/Desktop/CS660_PA1/build/_deps/googletest-src/googletest/src/gtest_main.cc
Note: Google Test filter = TupleTest.IndexOf
[==========] Running 1 test from 1 test suite.
[----------] Global test environment set-up.
[----------] 1 test from TupleTest
[ RUN      ] TupleTest.IndexOf
[       OK ] TupleTest.IndexOf (0 ms)
[----------] 1 test from TupleTest (0 ms total)

[----------] Global test environment tear-down
[==========] 1 test from 1 test suite ran. (0 ms total)
[  PASSED  ] 1 test.
<end of output>
Test time =   0.08 sec
----------------------------------------------------------
Test Passed.
"TupleTest.IndexOf" end time: Oct 04 22:36 EDT
"TupleTest.IndexOf" time elapsed: 00:00:00
----------------------------------------------------------

12/15 Testing: TupleTest.Compatible
12/15 Test: TupleTest.Compatible
Command: "/Users/jinpeng/Desktop/CS660_PA1/build/tests/pa1/pa1" "--gtest_filter=TupleTest.Compatible" "--gtest_also_run_disabled_tests"
Directory: /Users/jinpeng/Desktop/CS660_PA1/build/tests/pa1
"TupleTest.Compatible" start time: Oct 04 22:36 EDT
Output:
----------------------------------------------------------
Running main() from /Users/jinpeng/Desktop/CS660_PA1/build/_deps/googletest-src/googletest/src/gtest_main.cc
Note: Google Test filter = TupleTest.Compatible
[==========] Running 1 test from 1 test suite.
[----------] Global test environment set-up.
[----------] 1 test from TupleTest
[ RUN      ] TupleTest.Compatible
[       OK ] TupleTest.Compatible (0 ms)
[----------] 1 test from TupleTest (0 ms total)

[----------] Global test environment tear-down
[==========] 1 test from 1 test suite ran. (0 ms total)
[  PASSED  ] 1 test.
<end of output>
Test time =   0.08 sec
----------------------------------------------------------
Test Passed.
"TupleTest.Compatible" end time: Oct 04 22:36 EDT
"TupleTest.Compatible" time elapsed: 00:00:00
----------------------------------------------------------

13/15 Testing: TupleTest.Length
13/15 Test: TupleTest.Length
Command: "/Users/jinpeng/Desktop/CS660_PA1/build/tests/pa1/pa1" "--gtest_filter=TupleTest.Length" "--gtest_also_run_disabled_tests"
Directory: /Users/jinpeng/Desktop/CS660_PA1/build/tests/pa1
"TupleTest.Length" start time: Oct 04 22:36 EDT
Output:
----------------------------------------------------------
Running main() from /Users/jinpeng/Desktop/CS660_PA1/build/_deps/googletest-src/googletest/src/gtest_main.cc
Note: Google Test filter = TupleTest.Length
[==========] Running 1 test from 1 test suite.
[----------] Global test environment set-up.
[----------] 1 test from TupleTest
[ RUN      ] TupleTest.Length
[       OK ] TupleTest.Length (0 ms)
[----------] 1 test from TupleTest (0 ms total)

[----------] Global test environment tear-down
[==========] 1 test from 1 test suite ran. (0 ms total)
[  PASSED  ] 1 test.
<end of output>
Test time =   0.07 sec
----------------------------------------------------------
Test Passed.
"TupleTest.Length" end time: Oct 04 22:36 EDT
"TupleTest.Length" time elapsed: 00:00:00
----------------------------------------------------------

14/15 Testing: TupleTest.Merge
14/15 Test: TupleTest.Merge
Command: "/Users/jinpeng/Desktop/CS660_PA1/build/tests/pa1/pa1" "--gtest_filter=TupleTest.Merge" "--gtest_also_run_disabled_tests"
Directory: /Users/jinpeng/Desktop/CS660_PA1/build/tests/pa1
"TupleTest.Merge" start time: Oct 04 22:36 EDT
Output:
----------------------------------------------------------
Running main() from /Users/jinpeng/Desktop/CS660_PA1/build/_deps/googletest-src/googletest/src/gtest_main.cc
Note: Google Test filter = TupleTest.Merge
[==========] Running 1 test from 1 test suite.
[----------] Global test environment set-up.
[----------] 1 test from TupleTest
[ RUN      ] TupleTest.Merge
[       OK ] TupleTest.Merge (0 ms)
[----------] 1 test from TupleTest (0 ms total)

[----------] Global test environment tear-down
[==========] 1 test from 1 test suite ran. (0 ms total)
[  PASSED  ] 1 test.
<end of output>
Test time =   0.07 sec
----------------------------------------------------------
Test Passed.
"TupleTest.Merge" end time: Oct 04 22:36 EDT
"TupleTest.Merge" time elapsed: 00:00:00
----------------------------------------------------------

15/15 Testing: TupleTest.MergeConflict
15/15 Test: TupleTest.MergeConflict
Command: "/Users/jinpeng/Desktop/CS660_PA1/build/tests/pa1/pa1" "--gtest_filter=TupleTest.MergeConflict" "--gtest_also_run_disabled_tests"
Directory: /Users/jinpeng/Desktop/CS660_PA1/build/tests/pa1
"TupleTest.MergeConflict" start time: Oct 04 22:36 EDT
Output:
----------------------------------------------------------
Running main() from /Users/jinpeng/Desktop/CS660_PA1/build/_deps/googletest-src/googletest/src/gtest_main.cc
Note: Google Test filter = TupleTest.MergeConflict
[==========] Running 1 test from 1 test suite.
[----------] Global test environment set-up.
[----------] 1 test from TupleTest
[ RUN      ] TupleTest.MergeConflict
[       OK ] TupleTest.MergeConflict (0 ms)
[----------] 1 test from TupleTest (1 ms total)

[----------] Global test environment tear-down
[==========] 1 test from 1 test suite ran. (1 ms total)
[  PASSED  ] 1 test.
<end of output>
Test time =   0.09 sec
----------------------------------------------------------
Test Passed.
"TupleTest.MergeConflict" end time: Oct 04 22:36 EDT
"TupleTest.MergeConflict" time elapsed: 00:00:00
----------------------------------------------------------

End testing: Oct 04 22:36 EDT
